<?xml version="1.0" encoding="UTF-8"?>
<!-- Generated by org.testng.reporters.JUnitReportReporter -->
<testsuite skipped="0" hostname="DESKTOP-E4P22G7" name="testovi.Testovi" tests="2" failures="0" timestamp="13 Jun 2021 21:05:00 GMT" time="20.063" errors="0">
  <testcase name="testChangeLanguage" time="16.331" classname="testovi.Testovi"/>
  <testcase name="testNotifications" time="3.732" classname="testovi.Testovi"/>
</testsuite> <!-- testovi.Testovi -->
