<?xml version="1.0" encoding="UTF-8"?>
<!-- Generated by org.testng.reporters.JUnitReportReporter -->
<testsuite skipped="0" hostname="DESKTOP-E4P22G7" name="stranice.Profile" tests="1" failures="0" timestamp="13 Jun 2021 21:33:45 GMT" time="14.764" errors="0">
  <testcase name="profileSettings" time="14.764" classname="stranice.Profile"/>
</testsuite> <!-- stranice.Profile -->
