<?xml version="1.0" encoding="UTF-8"?>
<!-- Generated by org.testng.reporters.JUnitReportReporter -->
<testsuite skipped="0" hostname="DESKTOP-E4P22G7" name="testovi.TestPocetna" tests="2" failures="0" timestamp="04 Jun 2021 19:10:10 GMT" time="12.670" errors="0">
  <testcase name="testLogin" time="6.003" classname="testovi.TestPocetna"/>
  <testcase name="testAboutUs" time="6.667" classname="testovi.TestPocetna"/>
</testsuite> <!-- testovi.TestPocetna -->
